<?xml version="1.0" encoding="UTF-8"?>
<testng-results ignored="0" total="0" passed="0" failed="0" skipped="0">
  <reporter-output>
  </reporter-output>
  <suite started-at="2023-04-04T11:34:27 CDT" name="Default suite" finished-at="2023-04-04T11:34:27 CDT" duration-ms="609">
    <groups>
      <group name="cucumber">
        <method signature="AbstractTestNGCucumberTests.runScenario(io.cucumber.testng.PickleWrapper,io.cucumber.testng.FeatureWrapper)[pri:0, instance:runner.testrunnner@3bd82cf5]" name="runScenario" class="io.cucumber.testng.AbstractTestNGCucumberTests"/>
      </group> <!-- cucumber -->
    </groups>
    <test started-at="2023-04-04T11:34:27 CDT" name="Default test" finished-at="2023-04-04T11:34:27 CDT" duration-ms="609">
      <class name="runner.testrunnner">
        <test-method is-config="true" signature="setUpClass(org.testng.ITestContext)[pri:0, instance:runner.testrunnner@3bd82cf5]" started-at="2023-04-04T11:34:27 CDT" name="setUpClass" finished-at="2023-04-04T11:34:27 CDT" duration-ms="498" status="PASS">
          <params>
            <param index="0">
              <value>
                <![CDATA[org.testng.TestRunner@7fc4780b]]>
              </value>
            </param>
          </params>
          <reporter-output>
          </reporter-output>
        </test-method> <!-- setUpClass -->
        <test-method is-config="true" signature="tearDownClass()[pri:0, instance:runner.testrunnner@3bd82cf5]" started-at="2023-04-04T11:34:27 CDT" name="tearDownClass" finished-at="2023-04-04T11:34:27 CDT" duration-ms="19" status="PASS">
          <reporter-output>
          </reporter-output>
        </test-method> <!-- tearDownClass -->
      </class> <!-- runner.testrunnner -->
    </test> <!-- Default test -->
  </suite> <!-- Default suite -->
</testng-results>
